<?xml version="1.0" encoding="UTF-8" ?>
<testsuite tests="1" failures="0" name="TestRunner" time="0.449" errors="1" skipped="0">
  <properties>
[...]
</properties>
  <testcase classname="Money Transfer" name="Customer transfers money between deposit accounts" time="0.449">
    <error message="TODO: implement me" type="io.cucumber.java.PendingException">io.cucumber.java.PendingException: TODO: implement me
	at stepDefinitions.TransferFundsBetweenAccounts.my_checking_account_has_balance_of_$(TransferFundsBetweenAccounts.java:10)
	at ✽.My checking account has balance of $2000(file:///C:/Users/gaurav.bs.gupta/spring_workspace/MoneyTransferBetweenAccounts/src/test/resources/features/transfer_funds_betweeen_accounts.feature:4)
</error>
    <system-out>
Scenario: Customer transfers money between deposit accounts        # src/test/resources/features/transfer_funds_betweeen_accounts.feature:3
  Given My checking account has balance of $2000                   # stepDefinitions.TransferFundsBetweenAccounts.my_checking_account_has_balance_of_$(java.lang.Integer)
      io.cucumber.java.PendingException: TODO: implement me
	at stepDefinitions.TransferFundsBetweenAccounts.my_checking_account_has_balance_of_$(TransferFundsBetweenAccounts.java:10)
	at âœ½.My checking account has balance of $2000(file:///C:/Users/gaurav.bs.gupta/spring_workspace/MoneyTransferBetweenAccounts/src/test/resources/features/transfer_funds_betweeen_accounts.feature:4)

  And My saving account has a balance of $3000                     # stepDefinitions.TransferFundsBetweenAccounts.my_saving_account_has_a_balance_of_$(java.lang.Integer)
  When I transfer $100 from my checking account to Savings account # stepDefinitions.TransferFundsBetweenAccounts.i_transfer_$_from_my_checking_account_to_savings_account(java.lang.Integer)
  Then my checking account should have balance of $1900            # stepDefinitions.TransferFundsBetweenAccounts.my_checking_account_should_have_balance_of_$(java.lang.Integer)
  And my saving account should have balance of $3100               # stepDefinitions.TransferFundsBetweenAccounts.my_saving_account_should_have_balance_of_$(java.lang.Integer)
</system-out>
  </testcase>
</testsuite>