<?xml version="1.0" encoding="UTF-8" standalone="no"?>
<testsuite errors="0" failures="1" name="io.cucumber.core.plugin.JUnitFormatter" skipped="0" tests="1" time="0.49">
    <testcase classname="Money Transfer" name="Customer transfers money between deposit accounts" time="0.212">
        <failure message="The scenario has pending or undefined step(s)" type="io.cucumber.java.PendingException">
            <![CDATA[Given My checking account has balance of $2000..............................pending
And My saving account has a balance of $3000................................skipped
When I transfer $100 from my checking account to Savings account............skipped
Then my checking account should have balance of $1900.......................skipped
And my saving account should have balance of $3100..........................skipped
]]>
        </failure>
    </testcase>
</testsuite>
